<?xml version="1.0" encoding="utf-8"?><testsuites name="pytest tests"><testsuite name="pytest" errors="0" failures="0" skipped="0" tests="15" time="1.718" timestamp="2026-05-02T12:37:46.960060+00:00" hostname="agent-env-5cff04e1-53fe-4d78-aad4-5380b33be902"><testcase classname="backend.tests.backend_test" name="test_root" time="0.184" /><testcase classname="backend.tests.backend_test" name="test_products_returns_three" time="0.044" /><testcase classname="backend.tests.backend_test" name="test_create_order_happy" time="0.050" /><testcase classname="backend.tests.backend_test" name="test_create_order_unknown_product" time="0.047" /><testcase classname="backend.tests.backend_test" name="test_create_order_empty_items" time="0.045" /><testcase classname="backend.tests.backend_test" name="test_admin_login_bad" time="0.274" /><testcase classname="backend.tests.backend_test" name="test_admin_login_good" time="0.273" /><testcase classname="backend.tests.backend_test" name="test_orders_list_requires_auth" time="0.046" /><testcase classname="backend.tests.backend_test" name="test_orders_list_with_auth" time="0.310" /><testcase classname="backend.tests.backend_test" name="test_admin_me" time="0.094" /><testcase classname="backend.tests.backend_test" name="test_admin_stats" time="0.047" /><testcase classname="backend.tests.backend_test" name="test_patch_order_invalid_status" time="0.046" /><testcase classname="backend.tests.backend_test" name="test_patch_order_unknown_id" time="0.045" /><testcase classname="backend.tests.backend_test" name="test_patch_order_requires_auth" time="0.042" /><testcase classname="backend.tests.backend_test" name="test_patch_order_success" time="0.090" /></testsuite></testsuites>